[ 2014-05-18T10:05:23+08:00 ] ::1 /index.php/Home/artical/index
INFO: [ app_init ] --START--
INFO: Run Behavior\BuildLiteBehavior [ RunTime:0.000283s ]
INFO: [ app_init ] --END-- [ RunTime:0.002002s ]
INFO: [ app_begin ] --START--
INFO: Run Behavior\ReadHtmlCacheBehavior [ RunTime:0.001013s ]
INFO: [ app_begin ] --END-- [ RunTime:0.002252s ]
ERR: 无法加载控制器:Artical

[ 2014-05-18T10:05:24+08:00 ] ::1 /index.php/Home/artical/index
INFO: [ app_init ] --START--
INFO: Run Behavior\BuildLiteBehavior [ RunTime:0.000249s ]
INFO: [ app_init ] --END-- [ RunTime:0.002080s ]
INFO: [ app_begin ] --START--
INFO: Run Behavior\ReadHtmlCacheBehavior [ RunTime:0.000952s ]
INFO: [ app_begin ] --END-- [ RunTime:0.002220s ]
ERR: 无法加载控制器:Artical

[ 2014-05-18T10:05:30+08:00 ] ::1 /index.php/Home/article/index
INFO: [ app_init ] --START--
INFO: Run Behavior\BuildLiteBehavior [ RunTime:0.000195s ]
INFO: [ app_init ] --END-- [ RunTime:0.001351s ]
INFO: [ app_begin ] --START--
INFO: Run Behavior\ReadHtmlCacheBehavior [ RunTime:0.000704s ]
INFO: [ app_begin ] --END-- [ RunTime:0.001555s ]
SQL: SHOW COLUMNS FROM `artical` [ RunTime:0.000754s ]
SQL: SELECT * FROM `artical` WHERE ( id=0 ) LIMIT 1   [ RunTime:0.000442s ]
INFO: [ view_parse ] --START--
INFO: [ template_filter ] --START--
INFO: Run Behavior\ContentReplaceBehavior [ RunTime:0.000471s ]
INFO: [ template_filter ] --END-- [ RunTime:0.001260s ]
NOTIC: [8] Undefined variable: title /var/www/homeword/Runtime/Cache/Home/89290d6756ffebd46799bb3c6ad8be5e.php 第 124 行.
NOTIC: [8] Undefined variable: auther /var/www/homeword/Runtime/Cache/Home/89290d6756ffebd46799bb3c6ad8be5e.php 第 129 行.
NOTIC: [8] Undefined variable: date /var/www/homeword/Runtime/Cache/Home/89290d6756ffebd46799bb3c6ad8be5e.php 第 130 行.
NOTIC: [8] Undefined variable: content /var/www/homeword/Runtime/Cache/Home/89290d6756ffebd46799bb3c6ad8be5e.php 第 137 行.
INFO: Run Behavior\ParseTemplateBehavior [ RunTime:0.029460s ]
INFO: [ view_parse ] --END-- [ RunTime:0.030238s ]
INFO: [ view_filter ] --START--
INFO: Run Behavior\WriteHtmlCacheBehavior [ RunTime:0.000436s ]
INFO: [ view_filter ] --END-- [ RunTime:0.001254s ]
INFO: [ app_end ] --START--
INFO: Run Behavior\ShowPageTraceBehavior [ RunTime:0.000708s ]
INFO: [ app_end ] --END-- [ RunTime:0.001500s ]

[ 2014-05-18T10:07:12+08:00 ] ::1 /index.php/Home/index/index
INFO: [ app_init ] --START--
INFO: Run Behavior\BuildLiteBehavior [ RunTime:0.000180s ]
INFO: [ app_init ] --END-- [ RunTime:0.001380s ]
INFO: [ app_begin ] --START--
INFO: Run Behavior\ReadHtmlCacheBehavior [ RunTime:0.000945s ]
INFO: [ app_begin ] --END-- [ RunTime:0.001862s ]
SQL: SHOW COLUMNS FROM `artical` [ RunTime:0.000617s ]
SQL: SELECT * FROM `artical` LIMIT 8   [ RunTime:0.000274s ]
INFO: [ view_parse ] --START--
INFO: [ template_filter ] --START--
INFO: Run Behavior\ContentReplaceBehavior [ RunTime:0.000571s ]
INFO: [ template_filter ] --END-- [ RunTime:0.001375s ]
INFO: Run Behavior\ParseTemplateBehavior [ RunTime:0.044205s ]
INFO: [ view_parse ] --END-- [ RunTime:0.045000s ]
INFO: [ view_filter ] --START--
INFO: Run Behavior\WriteHtmlCacheBehavior [ RunTime:0.000427s ]
INFO: [ view_filter ] --END-- [ RunTime:0.001227s ]
INFO: [ app_end ] --START--
INFO: Run Behavior\ShowPageTraceBehavior [ RunTime:0.000645s ]
INFO: [ app_end ] --END-- [ RunTime:0.001380s ]

[ 2014-05-18T10:07:41+08:00 ] 111.175.101.163 /
INFO: [ app_init ] --START--
INFO: Run Behavior\BuildLiteBehavior [ RunTime:0.000208s ]
INFO: [ app_init ] --END-- [ RunTime:0.001539s ]
INFO: [ app_begin ] --START--
INFO: Run Behavior\ReadHtmlCacheBehavior [ RunTime:0.000787s ]
INFO: [ app_begin ] --END-- [ RunTime:0.001768s ]
SQL: SHOW COLUMNS FROM `artical` [ RunTime:0.001154s ]
SQL: SELECT * FROM `artical` LIMIT 8   [ RunTime:0.000491s ]
INFO: [ view_parse ] --START--
INFO: [ template_filter ] --START--
INFO: Run Behavior\ContentReplaceBehavior [ RunTime:0.000688s ]
INFO: [ template_filter ] --END-- [ RunTime:0.001878s ]
INFO: Run Behavior\ParseTemplateBehavior [ RunTime:0.051649s ]
INFO: [ view_parse ] --END-- [ RunTime:0.052774s ]
INFO: [ view_filter ] --START--
INFO: Run Behavior\WriteHtmlCacheBehavior [ RunTime:0.000482s ]
INFO: [ view_filter ] --END-- [ RunTime:0.001299s ]
INFO: [ app_end ] --START--
INFO: Run Behavior\ShowPageTraceBehavior [ RunTime:0.000769s ]
INFO: [ app_end ] --END-- [ RunTime:0.001656s ]

[ 2014-05-18T10:08:11+08:00 ] ::1 /index.php/Home/article/index
INFO: [ app_init ] --START--
INFO: Run Behavior\BuildLiteBehavior [ RunTime:0.000310s ]
INFO: [ app_init ] --END-- [ RunTime:0.002385s ]
INFO: [ app_begin ] --START--
INFO: Run Behavior\ReadHtmlCacheBehavior [ RunTime:0.001118s ]
INFO: [ app_begin ] --END-- [ RunTime:0.002591s ]
SQL: SHOW COLUMNS FROM `artical` [ RunTime:0.000878s ]
SQL: SELECT * FROM `artical` WHERE ( id=0 ) LIMIT 1   [ RunTime:0.000385s ]
INFO: [ view_parse ] --START--
INFO: [ template_filter ] --START--
INFO: Run Behavior\ContentReplaceBehavior [ RunTime:0.000650s ]
INFO: [ template_filter ] --END-- [ RunTime:0.001758s ]
NOTIC: [8] Undefined variable: title /var/www/homeword/Runtime/Cache/Home/89290d6756ffebd46799bb3c6ad8be5e.php 第 124 行.
NOTIC: [8] Undefined variable: auther /var/www/homeword/Runtime/Cache/Home/89290d6756ffebd46799bb3c6ad8be5e.php 第 129 行.
INFO: Run Behavior\ParseTemplateBehavior [ RunTime:0.039105s ]
INFO: [ view_parse ] --END-- [ RunTime:0.040176s ]
INFO: [ view_filter ] --START--
INFO: Run Behavior\WriteHtmlCacheBehavior [ RunTime:0.000567s ]
INFO: [ view_filter ] --END-- [ RunTime:0.001585s ]
INFO: [ app_end ] --START--
INFO: Run Behavior\ShowPageTraceBehavior [ RunTime:0.000855s ]
INFO: [ app_end ] --END-- [ RunTime:0.001834s ]

[ 2014-05-18T10:08:12+08:00 ] ::1 /index.php/Home/article/index
INFO: [ app_init ] --START--
INFO: Run Behavior\BuildLiteBehavior [ RunTime:0.000192s ]
INFO: [ app_init ] --END-- [ RunTime:0.001435s ]
INFO: [ app_begin ] --START--
INFO: Run Behavior\ReadHtmlCacheBehavior [ RunTime:0.000834s ]
INFO: [ app_begin ] --END-- [ RunTime:0.001859s ]
SQL: SHOW COLUMNS FROM `artical` [ RunTime:0.000682s ]
SQL: SELECT * FROM `artical` WHERE ( id=0 ) LIMIT 1   [ RunTime:0.000321s ]
INFO: [ view_parse ] --START--
INFO: [ template_filter ] --START--
INFO: Run Behavior\ContentReplaceBehavior [ RunTime:0.000491s ]
INFO: [ template_filter ] --END-- [ RunTime:0.001309s ]
NOTIC: [8] Undefined variable: title /var/www/homeword/Runtime/Cache/Home/89290d6756ffebd46799bb3c6ad8be5e.php 第 124 行.
NOTIC: [8] Undefined variable: auther /var/www/homeword/Runtime/Cache/Home/89290d6756ffebd46799bb3c6ad8be5e.php 第 129 行.
INFO: Run Behavior\ParseTemplateBehavior [ RunTime:0.030133s ]
INFO: [ view_parse ] --END-- [ RunTime:0.030983s ]
INFO: [ view_filter ] --START--
INFO: Run Behavior\WriteHtmlCacheBehavior [ RunTime:0.000458s ]
INFO: [ view_filter ] --END-- [ RunTime:0.001329s ]
INFO: [ app_end ] --START--
INFO: Run Behavior\ShowPageTraceBehavior [ RunTime:0.001044s ]
INFO: [ app_end ] --END-- [ RunTime:0.001940s ]

[ 2014-05-18T10:08:13+08:00 ] ::1 /index.php/Home/article/index
INFO: [ app_init ] --START--
INFO: Run Behavior\BuildLiteBehavior [ RunTime:0.000246s ]
INFO: [ app_init ] --END-- [ RunTime:0.001873s ]
INFO: [ app_begin ] --START--
INFO: Run Behavior\ReadHtmlCacheBehavior [ RunTime:0.000917s ]
INFO: [ app_begin ] --END-- [ RunTime:0.002025s ]
SQL: SHOW COLUMNS FROM `artical` [ RunTime:0.000791s ]
SQL: SELECT * FROM `artical` WHERE ( id=0 ) LIMIT 1   [ RunTime:0.000442s ]
INFO: [ view_parse ] --START--
INFO: [ template_filter ] --START--
INFO: Run Behavior\ContentReplaceBehavior [ RunTime:0.000587s ]
INFO: [ template_filter ] --END-- [ RunTime:0.001538s ]
NOTIC: [8] Undefined variable: title /var/www/homeword/Runtime/Cache/Home/89290d6756ffebd46799bb3c6ad8be5e.php 第 124 行.
NOTIC: [8] Undefined variable: auther /var/www/homeword/Runtime/Cache/Home/89290d6756ffebd46799bb3c6ad8be5e.php 第 129 行.
INFO: Run Behavior\ParseTemplateBehavior [ RunTime:0.034397s ]
INFO: [ view_parse ] --END-- [ RunTime:0.035372s ]
INFO: [ view_filter ] --START--
INFO: Run Behavior\WriteHtmlCacheBehavior [ RunTime:0.000480s ]
INFO: [ view_filter ] --END-- [ RunTime:0.001334s ]
INFO: [ app_end ] --START--
INFO: Run Behavior\ShowPageTraceBehavior [ RunTime:0.000811s ]
INFO: [ app_end ] --END-- [ RunTime:0.001712s ]

[ 2014-05-18T10:08:14+08:00 ] ::1 /index.php/Home/article/index
INFO: [ app_init ] --START--
INFO: Run Behavior\BuildLiteBehavior [ RunTime:0.000223s ]
INFO: [ app_init ] --END-- [ RunTime:0.001673s ]
INFO: [ app_begin ] --START--
INFO: Run Behavior\ReadHtmlCacheBehavior [ RunTime:0.000866s ]
INFO: [ app_begin ] --END-- [ RunTime:0.001904s ]
SQL: SHOW COLUMNS FROM `artical` [ RunTime:0.000775s ]
SQL: SELECT * FROM `artical` WHERE ( id=0 ) LIMIT 1   [ RunTime:0.000323s ]
INFO: [ view_parse ] --START--
INFO: [ template_filter ] --START--
INFO: Run Behavior\ContentReplaceBehavior [ RunTime:0.000528s ]
INFO: [ template_filter ] --END-- [ RunTime:0.001409s ]
NOTIC: [8] Undefined variable: title /var/www/homeword/Runtime/Cache/Home/89290d6756ffebd46799bb3c6ad8be5e.php 第 124 行.
NOTIC: [8] Undefined variable: auther /var/www/homeword/Runtime/Cache/Home/89290d6756ffebd46799bb3c6ad8be5e.php 第 129 行.
INFO: Run Behavior\ParseTemplateBehavior [ RunTime:0.031984s ]
INFO: [ view_parse ] --END-- [ RunTime:0.032910s ]
INFO: [ view_filter ] --START--
INFO: Run Behavior\WriteHtmlCacheBehavior [ RunTime:0.000456s ]
INFO: [ view_filter ] --END-- [ RunTime:0.001263s ]
INFO: [ app_end ] --START--
INFO: Run Behavior\ShowPageTraceBehavior [ RunTime:0.000711s ]
INFO: [ app_end ] --END-- [ RunTime:0.001528s ]

[ 2014-05-18T10:08:39+08:00 ] ::1 /index.php/Home/article/index/5
INFO: [ app_init ] --START--
INFO: Run Behavior\BuildLiteBehavior [ RunTime:0.000164s ]
INFO: [ app_init ] --END-- [ RunTime:0.001325s ]
INFO: [ app_begin ] --START--
INFO: Run Behavior\ReadHtmlCacheBehavior [ RunTime:0.000673s ]
INFO: [ app_begin ] --END-- [ RunTime:0.001469s ]
SQL: SHOW COLUMNS FROM `artical` [ RunTime:0.000631s ]
SQL: SELECT * FROM `artical` WHERE ( id=0 ) LIMIT 1   [ RunTime:0.000269s ]
INFO: [ view_parse ] --START--
INFO: [ template_filter ] --START--
INFO: Run Behavior\ContentReplaceBehavior [ RunTime:0.000503s ]
INFO: [ template_filter ] --END-- [ RunTime:0.001301s ]
NOTIC: [8] Undefined variable: title /var/www/homeword/Runtime/Cache/Home/89290d6756ffebd46799bb3c6ad8be5e.php 第 124 行.
NOTIC: [8] Undefined variable: auther /var/www/homeword/Runtime/Cache/Home/89290d6756ffebd46799bb3c6ad8be5e.php 第 129 行.
INFO: Run Behavior\ParseTemplateBehavior [ RunTime:0.029274s ]
INFO: [ view_parse ] --END-- [ RunTime:0.030122s ]
INFO: [ view_filter ] --START--
INFO: Run Behavior\WriteHtmlCacheBehavior [ RunTime:0.000432s ]
INFO: [ view_filter ] --END-- [ RunTime:0.001175s ]
INFO: [ app_end ] --START--
INFO: Run Behavior\ShowPageTraceBehavior [ RunTime:0.000751s ]
INFO: [ app_end ] --END-- [ RunTime:0.001601s ]

[ 2014-05-18T10:08:53+08:00 ] ::1 /index.php/Home/article/index/5
INFO: [ app_init ] --START--
INFO: Run Behavior\BuildLiteBehavior [ RunTime:0.000282s ]
INFO: [ app_init ] --END-- [ RunTime:0.002216s ]
INFO: [ app_begin ] --START--
INFO: Run Behavior\ReadHtmlCacheBehavior [ RunTime:0.001143s ]
INFO: [ app_begin ] --END-- [ RunTime:0.002457s ]
SQL: SHOW COLUMNS FROM `artical` [ RunTime:0.000890s ]
SQL: SELECT * FROM `artical` WHERE ( id=0 ) LIMIT 1   [ RunTime:0.000409s ]
INFO: [ view_parse ] --START--
INFO: [ template_filter ] --START--
INFO: Run Behavior\ContentReplaceBehavior [ RunTime:0.000646s ]
INFO: [ template_filter ] --END-- [ RunTime:0.001735s ]
NOTIC: [8] Undefined variable: title /var/www/homeword/Runtime/Cache/Home/89290d6756ffebd46799bb3c6ad8be5e.php 第 124 行.
NOTIC: [8] Undefined variable: auther /var/www/homeword/Runtime/Cache/Home/89290d6756ffebd46799bb3c6ad8be5e.php 第 129 行.
INFO: Run Behavior\ParseTemplateBehavior [ RunTime:0.040337s ]
INFO: [ view_parse ] --END-- [ RunTime:0.041489s ]
INFO: [ view_filter ] --START--
INFO: Run Behavior\WriteHtmlCacheBehavior [ RunTime:0.000575s ]
INFO: [ view_filter ] --END-- [ RunTime:0.001642s ]
INFO: [ app_end ] --START--
INFO: Run Behavior\ShowPageTraceBehavior [ RunTime:0.000861s ]
INFO: [ app_end ] --END-- [ RunTime:0.001833s ]

[ 2014-05-18T10:09:03+08:00 ] ::1 /index.php/Home/article/index/id/5
INFO: [ app_init ] --START--
INFO: Run Behavior\BuildLiteBehavior [ RunTime:0.000217s ]
INFO: [ app_init ] --END-- [ RunTime:0.001516s ]
INFO: [ app_begin ] --START--
INFO: Run Behavior\ReadHtmlCacheBehavior [ RunTime:0.000870s ]
INFO: [ app_begin ] --END-- [ RunTime:0.002102s ]
SQL: SHOW COLUMNS FROM `artical` [ RunTime:0.000658s ]
SQL: SELECT * FROM `artical` WHERE ( id=5 ) LIMIT 1   [ RunTime:0.000462s ]
INFO: [ view_parse ] --START--
INFO: [ template_filter ] --START--
INFO: Run Behavior\ContentReplaceBehavior [ RunTime:0.000551s ]
INFO: [ template_filter ] --END-- [ RunTime:0.001439s ]
NOTIC: [8] Undefined variable: title /var/www/homeword/Runtime/Cache/Home/89290d6756ffebd46799bb3c6ad8be5e.php 第 124 行.
NOTIC: [8] Undefined variable: auther /var/www/homeword/Runtime/Cache/Home/89290d6756ffebd46799bb3c6ad8be5e.php 第 129 行.
INFO: Run Behavior\ParseTemplateBehavior [ RunTime:0.031246s ]
INFO: [ view_parse ] --END-- [ RunTime:0.032152s ]
INFO: [ view_filter ] --START--
INFO: Run Behavior\WriteHtmlCacheBehavior [ RunTime:0.000467s ]
INFO: [ view_filter ] --END-- [ RunTime:0.001264s ]
INFO: [ app_end ] --START--
INFO: Run Behavior\ShowPageTraceBehavior [ RunTime:0.000699s ]
INFO: [ app_end ] --END-- [ RunTime:0.001527s ]

[ 2014-05-18T10:09:23+08:00 ] ::1 /index.php/Home/article/index/id/5
INFO: [ app_init ] --START--
INFO: Run Behavior\BuildLiteBehavior [ RunTime:0.000237s ]
INFO: [ app_init ] --END-- [ RunTime:0.001751s ]
INFO: [ app_begin ] --START--
INFO: Run Behavior\ReadHtmlCacheBehavior [ RunTime:0.000938s ]
INFO: [ app_begin ] --END-- [ RunTime:0.002042s ]
SQL: SHOW COLUMNS FROM `artical` [ RunTime:0.000814s ]
SQL: SELECT * FROM `artical` WHERE ( id=5 ) LIMIT 1   [ RunTime:0.000386s ]
INFO: [ view_parse ] --START--
INFO: [ template_filter ] --START--
INFO: Run Behavior\ContentReplaceBehavior [ RunTime:0.000612s ]
INFO: [ template_filter ] --END-- [ RunTime:0.001638s ]
NOTIC: [8] Undefined variable: title /var/www/homeword/Runtime/Cache/Home/89290d6756ffebd46799bb3c6ad8be5e.php 第 124 行.
NOTIC: [8] Undefined variable: auther /var/www/homeword/Runtime/Cache/Home/89290d6756ffebd46799bb3c6ad8be5e.php 第 129 行.
INFO: Run Behavior\ParseTemplateBehavior [ RunTime:0.037595s ]
INFO: [ view_parse ] --END-- [ RunTime:0.038678s ]
INFO: [ view_filter ] --START--
INFO: Run Behavior\WriteHtmlCacheBehavior [ RunTime:0.000531s ]
INFO: [ view_filter ] --END-- [ RunTime:0.001466s ]
INFO: [ app_end ] --START--
INFO: Run Behavior\ShowPageTraceBehavior [ RunTime:0.000863s ]
INFO: [ app_end ] --END-- [ RunTime:0.001787s ]

[ 2014-05-18T10:09:24+08:00 ] ::1 /index.php/Home/article/index/id/5
INFO: [ app_init ] --START--
INFO: Run Behavior\BuildLiteBehavior [ RunTime:0.000249s ]
INFO: [ app_init ] --END-- [ RunTime:0.001664s ]
INFO: [ app_begin ] --START--
INFO: Run Behavior\ReadHtmlCacheBehavior [ RunTime:0.000823s ]
INFO: [ app_begin ] --END-- [ RunTime:0.001818s ]
SQL: SHOW COLUMNS FROM `artical` [ RunTime:0.000692s ]
SQL: SELECT * FROM `artical` WHERE ( id=5 ) LIMIT 1   [ RunTime:0.000319s ]
INFO: [ view_parse ] --START--
INFO: [ template_filter ] --START--
INFO: Run Behavior\ContentReplaceBehavior [ RunTime:0.000530s ]
INFO: [ template_filter ] --END-- [ RunTime:0.001409s ]
NOTIC: [8] Undefined variable: title /var/www/homeword/Runtime/Cache/Home/89290d6756ffebd46799bb3c6ad8be5e.php 第 124 行.
NOTIC: [8] Undefined variable: auther /var/www/homeword/Runtime/Cache/Home/89290d6756ffebd46799bb3c6ad8be5e.php 第 129 行.
INFO: Run Behavior\ParseTemplateBehavior [ RunTime:0.031514s ]
INFO: [ view_parse ] --END-- [ RunTime:0.032403s ]
INFO: [ view_filter ] --START--
INFO: Run Behavior\WriteHtmlCacheBehavior [ RunTime:0.000561s ]
INFO: [ view_filter ] --END-- [ RunTime:0.001474s ]
INFO: [ app_end ] --START--
INFO: Run Behavior\ShowPageTraceBehavior [ RunTime:0.000707s ]
INFO: [ app_end ] --END-- [ RunTime:0.001499s ]

[ 2014-05-18T10:09:39+08:00 ] ::1 /index.php/Home/article/index/id/5
INFO: [ app_init ] --START--
INFO: Run Behavior\BuildLiteBehavior [ RunTime:0.000264s ]
INFO: [ app_init ] --END-- [ RunTime:0.001908s ]
INFO: [ app_begin ] --START--
INFO: Run Behavior\ReadHtmlCacheBehavior [ RunTime:0.001033s ]
INFO: [ app_begin ] --END-- [ RunTime:0.002269s ]
SQL: SHOW COLUMNS FROM `artical` [ RunTime:0.000828s ]
SQL: SELECT * FROM `artical` WHERE ( id=5 ) LIMIT 1   [ RunTime:0.000469s ]
INFO: [ view_parse ] --START--
INFO: [ template_filter ] --START--
INFO: Run Behavior\ContentReplaceBehavior [ RunTime:0.000592s ]
INFO: [ template_filter ] --END-- [ RunTime:0.001585s ]
NOTIC: [8] Undefined variable: title /var/www/homeword/Runtime/Cache/Home/89290d6756ffebd46799bb3c6ad8be5e.php 第 124 行.
NOTIC: [8] Undefined variable: auther /var/www/homeword/Runtime/Cache/Home/89290d6756ffebd46799bb3c6ad8be5e.php 第 129 行.
INFO: Run Behavior\ParseTemplateBehavior [ RunTime:0.037272s ]
INFO: [ view_parse ] --END-- [ RunTime:0.038417s ]
INFO: [ view_filter ] --START--
INFO: Run Behavior\WriteHtmlCacheBehavior [ RunTime:0.000579s ]
INFO: [ view_filter ] --END-- [ RunTime:0.001536s ]
INFO: [ app_end ] --START--
INFO: Run Behavior\ShowPageTraceBehavior [ RunTime:0.000816s ]
INFO: [ app_end ] --END-- [ RunTime:0.001709s ]

[ 2014-05-18T10:09:40+08:00 ] ::1 /index.php/Home/article/index/id/5
INFO: [ app_init ] --START--
INFO: Run Behavior\BuildLiteBehavior [ RunTime:0.000246s ]
INFO: [ app_init ] --END-- [ RunTime:0.001831s ]
INFO: [ app_begin ] --START--
INFO: Run Behavior\ReadHtmlCacheBehavior [ RunTime:0.001017s ]
INFO: [ app_begin ] --END-- [ RunTime:0.002324s ]
SQL: SHOW COLUMNS FROM `artical` [ RunTime:0.000783s ]
SQL: SELECT * FROM `artical` WHERE ( id=5 ) LIMIT 1   [ RunTime:0.000353s ]
INFO: [ view_parse ] --START--
INFO: [ template_filter ] --START--
INFO: Run Behavior\ContentReplaceBehavior [ RunTime:0.000598s ]
INFO: [ template_filter ] --END-- [ RunTime:0.001554s ]
NOTIC: [8] Undefined variable: title /var/www/homeword/Runtime/Cache/Home/89290d6756ffebd46799bb3c6ad8be5e.php 第 124 行.
NOTIC: [8] Undefined variable: auther /var/www/homeword/Runtime/Cache/Home/89290d6756ffebd46799bb3c6ad8be5e.php 第 129 行.
INFO: Run Behavior\ParseTemplateBehavior [ RunTime:0.036040s ]
INFO: [ view_parse ] --END-- [ RunTime:0.037012s ]
INFO: [ view_filter ] --START--
INFO: Run Behavior\WriteHtmlCacheBehavior [ RunTime:0.000487s ]
INFO: [ view_filter ] --END-- [ RunTime:0.001358s ]
INFO: [ app_end ] --START--
INFO: Run Behavior\ShowPageTraceBehavior [ RunTime:0.000758s ]
INFO: [ app_end ] --END-- [ RunTime:0.001617s ]

[ 2014-05-18T10:09:50+08:00 ] ::1 /index.php/Home/article/index/id/5
INFO: [ app_init ] --START--
INFO: Run Behavior\BuildLiteBehavior [ RunTime:0.000270s ]
INFO: [ app_init ] --END-- [ RunTime:0.001999s ]
INFO: [ app_begin ] --START--
INFO: Run Behavior\ReadHtmlCacheBehavior [ RunTime:0.001014s ]
INFO: [ app_begin ] --END-- [ RunTime:0.002225s ]
SQL: SHOW COLUMNS FROM `artical` [ RunTime:0.001281s ]
SQL: SELECT * FROM `artical` WHERE ( id=5 ) LIMIT 1   [ RunTime:0.000430s ]
INFO: [ view_parse ] --START--
INFO: [ template_filter ] --START--
INFO: Run Behavior\ContentReplaceBehavior [ RunTime:0.000646s ]
INFO: [ template_filter ] --END-- [ RunTime:0.001731s ]
NOTIC: [8] Undefined variable: title /var/www/homeword/Runtime/Cache/Home/89290d6756ffebd46799bb3c6ad8be5e.php 第 124 行.
NOTIC: [8] Undefined variable: auther /var/www/homeword/Runtime/Cache/Home/89290d6756ffebd46799bb3c6ad8be5e.php 第 129 行.
INFO: Run Behavior\ParseTemplateBehavior [ RunTime:0.040033s ]
INFO: [ view_parse ] --END-- [ RunTime:0.041137s ]
INFO: [ view_filter ] --START--
INFO: Run Behavior\WriteHtmlCacheBehavior [ RunTime:0.000553s ]
INFO: [ view_filter ] --END-- [ RunTime:0.001540s ]
INFO: [ app_end ] --START--
INFO: Run Behavior\ShowPageTraceBehavior [ RunTime:0.000928s ]
INFO: [ app_end ] --END-- [ RunTime:0.001978s ]

[ 2014-05-18T10:09:51+08:00 ] ::1 /index.php/Home/article/index/id/5
INFO: [ app_init ] --START--
INFO: Run Behavior\BuildLiteBehavior [ RunTime:0.000374s ]
INFO: [ app_init ] --END-- [ RunTime:0.002820s ]
INFO: [ app_begin ] --START--
INFO: Run Behavior\ReadHtmlCacheBehavior [ RunTime:0.001233s ]
INFO: [ app_begin ] --END-- [ RunTime:0.002512s ]
SQL: SHOW COLUMNS FROM `artical` [ RunTime:0.000806s ]
SQL: SELECT * FROM `artical` WHERE ( id=5 ) LIMIT 1   [ RunTime:0.000405s ]
INFO: [ view_parse ] --START--
INFO: [ template_filter ] --START--
INFO: Run Behavior\ContentReplaceBehavior [ RunTime:0.000660s ]
INFO: [ template_filter ] --END-- [ RunTime:0.001667s ]
NOTIC: [8] Undefined variable: title /var/www/homeword/Runtime/Cache/Home/89290d6756ffebd46799bb3c6ad8be5e.php 第 124 行.
NOTIC: [8] Undefined variable: auther /var/www/homeword/Runtime/Cache/Home/89290d6756ffebd46799bb3c6ad8be5e.php 第 129 行.
INFO: Run Behavior\ParseTemplateBehavior [ RunTime:0.036381s ]
INFO: [ view_parse ] --END-- [ RunTime:0.037432s ]
INFO: [ view_filter ] --START--
INFO: Run Behavior\WriteHtmlCacheBehavior [ RunTime:0.000618s ]
INFO: [ view_filter ] --END-- [ RunTime:0.001540s ]
INFO: [ app_end ] --START--
INFO: Run Behavior\ShowPageTraceBehavior [ RunTime:0.000799s ]
INFO: [ app_end ] --END-- [ RunTime:0.001708s ]

[ 2014-05-18T10:11:30+08:00 ] ::1 /index.php/Home/article/index/id/5
INFO: [ app_init ] --START--
INFO: Run Behavior\BuildLiteBehavior [ RunTime:0.000234s ]
INFO: [ app_init ] --END-- [ RunTime:0.001865s ]
INFO: [ app_begin ] --START--
INFO: Run Behavior\ReadHtmlCacheBehavior [ RunTime:0.000904s ]
INFO: [ app_begin ] --END-- [ RunTime:0.002004s ]
SQL: SHOW COLUMNS FROM `artical` [ RunTime:0.000757s ]
SQL: SELECT * FROM `artical` WHERE ( `id` = 5 ) LIMIT 1   [ RunTime:0.000497s ]
INFO: [ view_parse ] --START--
INFO: [ template_filter ] --START--
INFO: Run Behavior\ContentReplaceBehavior [ RunTime:0.000548s ]
INFO: [ template_filter ] --END-- [ RunTime:0.001561s ]
NOTIC: [8] Undefined variable: title /var/www/homeword/Runtime/Cache/Home/89290d6756ffebd46799bb3c6ad8be5e.php 第 124 行.
NOTIC: [8] Undefined variable: auther /var/www/homeword/Runtime/Cache/Home/89290d6756ffebd46799bb3c6ad8be5e.php 第 129 行.
INFO: Run Behavior\ParseTemplateBehavior [ RunTime:0.033745s ]
INFO: [ view_parse ] --END-- [ RunTime:0.034708s ]
INFO: [ view_filter ] --START--
INFO: Run Behavior\WriteHtmlCacheBehavior [ RunTime:0.000488s ]
INFO: [ view_filter ] --END-- [ RunTime:0.001365s ]
INFO: [ app_end ] --START--
INFO: Run Behavior\ShowPageTraceBehavior [ RunTime:0.000743s ]
INFO: [ app_end ] --END-- [ RunTime:0.001587s ]

[ 2014-05-18T10:11:31+08:00 ] ::1 /index.php/Home/article/index/id/5
INFO: [ app_init ] --START--
INFO: Run Behavior\BuildLiteBehavior [ RunTime:0.000300s ]
INFO: [ app_init ] --END-- [ RunTime:0.001975s ]
INFO: [ app_begin ] --START--
INFO: Run Behavior\ReadHtmlCacheBehavior [ RunTime:0.000925s ]
INFO: [ app_begin ] --END-- [ RunTime:0.002066s ]
SQL: SHOW COLUMNS FROM `artical` [ RunTime:0.000791s ]
SQL: SELECT * FROM `artical` WHERE ( `id` = 5 ) LIMIT 1   [ RunTime:0.000345s ]
INFO: [ view_parse ] --START--
INFO: [ template_filter ] --START--
INFO: Run Behavior\ContentReplaceBehavior [ RunTime:0.000569s ]
INFO: [ template_filter ] --END-- [ RunTime:0.001552s ]
NOTIC: [8] Undefined variable: title /var/www/homeword/Runtime/Cache/Home/89290d6756ffebd46799bb3c6ad8be5e.php 第 124 行.
NOTIC: [8] Undefined variable: auther /var/www/homeword/Runtime/Cache/Home/89290d6756ffebd46799bb3c6ad8be5e.php 第 129 行.
INFO: Run Behavior\ParseTemplateBehavior [ RunTime:0.034798s ]
INFO: [ view_parse ] --END-- [ RunTime:0.035776s ]
INFO: [ view_filter ] --START--
INFO: Run Behavior\WriteHtmlCacheBehavior [ RunTime:0.000503s ]
INFO: [ view_filter ] --END-- [ RunTime:0.001401s ]
INFO: [ app_end ] --START--
INFO: Run Behavior\ShowPageTraceBehavior [ RunTime:0.000781s ]
INFO: [ app_end ] --END-- [ RunTime:0.001671s ]

[ 2014-05-18T10:11:41+08:00 ] ::1 /index.php/Home/article/index/id/5
INFO: [ app_init ] --START--
INFO: Run Behavior\BuildLiteBehavior [ RunTime:0.000279s ]
INFO: [ app_init ] --END-- [ RunTime:0.002058s ]
INFO: [ app_begin ] --START--
INFO: Run Behavior\ReadHtmlCacheBehavior [ RunTime:0.001067s ]
INFO: [ app_begin ] --END-- [ RunTime:0.002466s ]
SQL: SHOW COLUMNS FROM `artical` [ RunTime:0.000954s ]
SQL: SELECT * FROM `artical` WHERE ( `id` = 5 ) LIMIT 1   [ RunTime:0.000452s ]
INFO: [ view_parse ] --START--
INFO: [ template_filter ] --START--
INFO: Run Behavior\ContentReplaceBehavior [ RunTime:0.000706s ]
INFO: [ template_filter ] --END-- [ RunTime:0.001860s ]
NOTIC: [8] Undefined variable: title /var/www/homeword/Runtime/Cache/Home/89290d6756ffebd46799bb3c6ad8be5e.php 第 124 行.
NOTIC: [8] Undefined variable: auther /var/www/homeword/Runtime/Cache/Home/89290d6756ffebd46799bb3c6ad8be5e.php 第 129 行.
INFO: Run Behavior\ParseTemplateBehavior [ RunTime:0.041523s ]
INFO: [ view_parse ] --END-- [ RunTime:0.042705s ]
INFO: [ view_filter ] --START--
INFO: Run Behavior\WriteHtmlCacheBehavior [ RunTime:0.000654s ]
INFO: [ view_filter ] --END-- [ RunTime:0.001791s ]
INFO: [ app_end ] --START--
INFO: Run Behavior\ShowPageTraceBehavior [ RunTime:0.000974s ]
INFO: [ app_end ] --END-- [ RunTime:0.002035s ]

[ 2014-05-18T10:12:09+08:00 ] ::1 /index.php/Home/article/index/id/5
INFO: [ app_init ] --START--
INFO: Run Behavior\BuildLiteBehavior [ RunTime:0.000279s ]
INFO: [ app_init ] --END-- [ RunTime:0.002054s ]
INFO: [ app_begin ] --START--
INFO: Run Behavior\ReadHtmlCacheBehavior [ RunTime:0.001032s ]
INFO: [ app_begin ] --END-- [ RunTime:0.002302s ]
SQL: SHOW COLUMNS FROM `artical` [ RunTime:0.001080s ]
SQL: SELECT * FROM `artical` WHERE ( `id` = 5 )  [ RunTime:0.000920s ]
INFO: [ view_parse ] --START--
INFO: [ template_filter ] --START--
INFO: Run Behavior\ContentReplaceBehavior [ RunTime:0.000650s ]
INFO: [ template_filter ] --END-- [ RunTime:0.001738s ]
NOTIC: [8] Undefined variable: title /var/www/homeword/Runtime/Cache/Home/89290d6756ffebd46799bb3c6ad8be5e.php 第 124 行.
NOTIC: [8] Undefined variable: auther /var/www/homeword/Runtime/Cache/Home/89290d6756ffebd46799bb3c6ad8be5e.php 第 129 行.
INFO: Run Behavior\ParseTemplateBehavior [ RunTime:0.039569s ]
INFO: [ view_parse ] --END-- [ RunTime:0.040812s ]
INFO: [ view_filter ] --START--
INFO: Run Behavior\WriteHtmlCacheBehavior [ RunTime:0.000625s ]
INFO: [ view_filter ] --END-- [ RunTime:0.001679s ]
INFO: [ app_end ] --START--
INFO: Run Behavior\ShowPageTraceBehavior [ RunTime:0.000887s ]
INFO: [ app_end ] --END-- [ RunTime:0.001855s ]

[ 2014-05-18T10:12:10+08:00 ] ::1 /index.php/Home/article/index/id/5
INFO: [ app_init ] --START--
INFO: Run Behavior\BuildLiteBehavior [ RunTime:0.000228s ]
INFO: [ app_init ] --END-- [ RunTime:0.001616s ]
INFO: [ app_begin ] --START--
INFO: Run Behavior\ReadHtmlCacheBehavior [ RunTime:0.000928s ]
INFO: [ app_begin ] --END-- [ RunTime:0.002053s ]
SQL: SHOW COLUMNS FROM `artical` [ RunTime:0.000735s ]
SQL: SELECT * FROM `artical` WHERE ( `id` = 5 )  [ RunTime:0.000348s ]
INFO: [ view_parse ] --START--
INFO: [ template_filter ] --START--
INFO: Run Behavior\ContentReplaceBehavior [ RunTime:0.000553s ]
INFO: [ template_filter ] --END-- [ RunTime:0.001472s ]
NOTIC: [8] Undefined variable: title /var/www/homeword/Runtime/Cache/Home/89290d6756ffebd46799bb3c6ad8be5e.php 第 124 行.
NOTIC: [8] Undefined variable: auther /var/www/homeword/Runtime/Cache/Home/89290d6756ffebd46799bb3c6ad8be5e.php 第 129 行.
INFO: Run Behavior\ParseTemplateBehavior [ RunTime:0.033334s ]
INFO: [ view_parse ] --END-- [ RunTime:0.034395s ]
INFO: [ view_filter ] --START--
INFO: Run Behavior\WriteHtmlCacheBehavior [ RunTime:0.000522s ]
INFO: [ view_filter ] --END-- [ RunTime:0.001709s ]
INFO: [ app_end ] --START--
INFO: Run Behavior\ShowPageTraceBehavior [ RunTime:0.000758s ]
INFO: [ app_end ] --END-- [ RunTime:0.001612s ]

[ 2014-05-18T10:12:20+08:00 ] ::1 /index.php/Home/article/index/id/5
INFO: [ app_init ] --START--
INFO: Run Behavior\BuildLiteBehavior [ RunTime:0.000377s ]
INFO: [ app_init ] --END-- [ RunTime:0.002462s ]
INFO: [ app_begin ] --START--
INFO: Run Behavior\ReadHtmlCacheBehavior [ RunTime:0.001023s ]
INFO: [ app_begin ] --END-- [ RunTime:0.002527s ]
SQL: SHOW COLUMNS FROM `artical` [ RunTime:0.001089s ]
SQL: SELECT * FROM `artical` WHERE ( id=5 )  [ RunTime:0.000583s ]
INFO: [ view_parse ] --START--
INFO: [ template_filter ] --START--
INFO: Run Behavior\ContentReplaceBehavior [ RunTime:0.000752s ]
INFO: [ template_filter ] --END-- [ RunTime:0.001853s ]
NOTIC: [8] Undefined variable: title /var/www/homeword/Runtime/Cache/Home/89290d6756ffebd46799bb3c6ad8be5e.php 第 124 行.
NOTIC: [8] Undefined variable: auther /var/www/homeword/Runtime/Cache/Home/89290d6756ffebd46799bb3c6ad8be5e.php 第 129 行.
INFO: Run Behavior\ParseTemplateBehavior [ RunTime:0.040011s ]
INFO: [ view_parse ] --END-- [ RunTime:0.041117s ]
INFO: [ view_filter ] --START--
INFO: Run Behavior\WriteHtmlCacheBehavior [ RunTime:0.000541s ]
INFO: [ view_filter ] --END-- [ RunTime:0.001523s ]
INFO: [ app_end ] --START--
INFO: Run Behavior\ShowPageTraceBehavior [ RunTime:0.000825s ]
INFO: [ app_end ] --END-- [ RunTime:0.001805s ]

[ 2014-05-18T10:12:21+08:00 ] ::1 /index.php/Home/article/index/id/5
INFO: [ app_init ] --START--
INFO: Run Behavior\BuildLiteBehavior [ RunTime:0.000305s ]
INFO: [ app_init ] --END-- [ RunTime:0.002258s ]
INFO: [ app_begin ] --START--
INFO: Run Behavior\ReadHtmlCacheBehavior [ RunTime:0.001084s ]
INFO: [ app_begin ] --END-- [ RunTime:0.002377s ]
SQL: SHOW COLUMNS FROM `artical` [ RunTime:0.000879s ]
SQL: SELECT * FROM `artical` WHERE ( id=5 )  [ RunTime:0.000392s ]
INFO: [ view_parse ] --START--
INFO: [ template_filter ] --START--
INFO: Run Behavior\ContentReplaceBehavior [ RunTime:0.000624s ]
INFO: [ template_filter ] --END-- [ RunTime:0.001749s ]
NOTIC: [8] Undefined variable: title /var/www/homeword/Runtime/Cache/Home/89290d6756ffebd46799bb3c6ad8be5e.php 第 124 行.
NOTIC: [8] Undefined variable: auther /var/www/homeword/Runtime/Cache/Home/89290d6756ffebd46799bb3c6ad8be5e.php 第 129 行.
INFO: Run Behavior\ParseTemplateBehavior [ RunTime:0.037976s ]
INFO: [ view_parse ] --END-- [ RunTime:0.039073s ]
INFO: [ view_filter ] --START--
INFO: Run Behavior\WriteHtmlCacheBehavior [ RunTime:0.000534s ]
INFO: [ view_filter ] --END-- [ RunTime:0.001481s ]
INFO: [ app_end ] --START--
INFO: Run Behavior\ShowPageTraceBehavior [ RunTime:0.000903s ]
INFO: [ app_end ] --END-- [ RunTime:0.001864s ]

[ 2014-05-18T10:12:56+08:00 ] ::1 /index.php/Home/article/index/id/5
INFO: [ app_init ] --START--
INFO: Run Behavior\BuildLiteBehavior [ RunTime:0.000409s ]
INFO: [ app_init ] --END-- [ RunTime:0.002975s ]
INFO: [ app_begin ] --START--
INFO: Run Behavior\ReadHtmlCacheBehavior [ RunTime:0.001064s ]
INFO: [ app_begin ] --END-- [ RunTime:0.002340s ]
SQL: SHOW COLUMNS FROM `artical` [ RunTime:0.000864s ]
SQL: SELECT * FROM `artical` LIMIT 8   [ RunTime:0.000350s ]
NOTIC: [8] Array to string conversion /var/www/homeword/Home/Controller/ArticleController.class.php 第 20 行.
NOTIC: [8] Undefined index: author /var/www/homeword/Home/Controller/ArticleController.class.php 第 21 行.
NOTIC: [8] Undefined index: date /var/www/homeword/Home/Controller/ArticleController.class.php 第 22 行.
NOTIC: [8] Undefined index: content   /var/www/homeword/Home/Controller/ArticleController.class.php 第 23 行.
INFO: [ view_parse ] --START--
INFO: [ template_filter ] --START--
INFO: Run Behavior\ContentReplaceBehavior [ RunTime:0.000549s ]
INFO: [ template_filter ] --END-- [ RunTime:0.001468s ]
NOTIC: [8] Undefined variable: title /var/www/homeword/Runtime/Cache/Home/89290d6756ffebd46799bb3c6ad8be5e.php 第 124 行.
NOTIC: [8] Undefined variable: auther /var/www/homeword/Runtime/Cache/Home/89290d6756ffebd46799bb3c6ad8be5e.php 第 129 行.
INFO: Run Behavior\ParseTemplateBehavior [ RunTime:0.034894s ]
INFO: [ view_parse ] --END-- [ RunTime:0.035825s ]
INFO: [ view_filter ] --START--
INFO: Run Behavior\WriteHtmlCacheBehavior [ RunTime:0.000479s ]
INFO: [ view_filter ] --END-- [ RunTime:0.001444s ]
INFO: [ app_end ] --START--
INFO: Run Behavior\ShowPageTraceBehavior [ RunTime:0.000768s ]
INFO: [ app_end ] --END-- [ RunTime:0.001820s ]

[ 2014-05-18T10:13:38+08:00 ] ::1 /index.php/Home/article/index/id/5
INFO: [ app_init ] --START--
INFO: Run Behavior\BuildLiteBehavior [ RunTime:0.000228s ]
INFO: [ app_init ] --END-- [ RunTime:0.001746s ]
INFO: [ app_begin ] --START--
INFO: Run Behavior\ReadHtmlCacheBehavior [ RunTime:0.000874s ]
INFO: [ app_begin ] --END-- [ RunTime:0.001952s ]
SQL: SHOW COLUMNS FROM `artical` [ RunTime:0.000766s ]
SQL: SELECT * FROM `artical` WHERE ( `id` = 5 ) LIMIT 1   [ RunTime:0.000344s ]
INFO: [ view_parse ] --START--
INFO: [ template_filter ] --START--
INFO: Run Behavior\ContentReplaceBehavior [ RunTime:0.000598s ]
INFO: [ template_filter ] --END-- [ RunTime:0.001812s ]
NOTIC: [8] Undefined variable: title /var/www/homeword/Runtime/Cache/Home/89290d6756ffebd46799bb3c6ad8be5e.php 第 124 行.
NOTIC: [8] Undefined variable: auther /var/www/homeword/Runtime/Cache/Home/89290d6756ffebd46799bb3c6ad8be5e.php 第 129 行.
INFO: Run Behavior\ParseTemplateBehavior [ RunTime:0.033513s ]
INFO: [ view_parse ] --END-- [ RunTime:0.034453s ]
INFO: [ view_filter ] --START--
INFO: Run Behavior\WriteHtmlCacheBehavior [ RunTime:0.000500s ]
INFO: [ view_filter ] --END-- [ RunTime:0.001487s ]
INFO: [ app_end ] --START--
INFO: Run Behavior\ShowPageTraceBehavior [ RunTime:0.000770s ]
INFO: [ app_end ] --END-- [ RunTime:0.001655s ]

[ 2014-05-18T10:13:54+08:00 ] ::1 /index.php/Home/article/index/id/5
INFO: [ app_init ] --START--
INFO: Run Behavior\BuildLiteBehavior [ RunTime:0.000255s ]
INFO: [ app_init ] --END-- [ RunTime:0.001915s ]
INFO: [ app_begin ] --START--
INFO: Run Behavior\ReadHtmlCacheBehavior [ RunTime:0.000988s ]
INFO: [ app_begin ] --END-- [ RunTime:0.002208s ]
SQL: SHOW COLUMNS FROM `artical` [ RunTime:0.000779s ]
SQL: SELECT * FROM `artical` WHERE ( id = 5 ) LIMIT 1   [ RunTime:0.000507s ]
INFO: [ view_parse ] --START--
INFO: [ template_filter ] --START--
INFO: Run Behavior\ContentReplaceBehavior [ RunTime:0.000593s ]
INFO: [ template_filter ] --END-- [ RunTime:0.001576s ]
NOTIC: [8] Undefined variable: title /var/www/homeword/Runtime/Cache/Home/89290d6756ffebd46799bb3c6ad8be5e.php 第 124 行.
NOTIC: [8] Undefined variable: auther /var/www/homeword/Runtime/Cache/Home/89290d6756ffebd46799bb3c6ad8be5e.php 第 129 行.
INFO: Run Behavior\ParseTemplateBehavior [ RunTime:0.035207s ]
INFO: [ view_parse ] --END-- [ RunTime:0.036179s ]
INFO: [ view_filter ] --START--
INFO: Run Behavior\WriteHtmlCacheBehavior [ RunTime:0.000517s ]
INFO: [ view_filter ] --END-- [ RunTime:0.001525s ]
INFO: [ app_end ] --START--
INFO: Run Behavior\ShowPageTraceBehavior [ RunTime:0.000768s ]
INFO: [ app_end ] --END-- [ RunTime:0.001725s ]

[ 2014-05-18T10:14:55+08:00 ] ::1 /index.php/Home/article/index/id/5
INFO: [ app_init ] --START--
INFO: Run Behavior\BuildLiteBehavior [ RunTime:0.000266s ]
INFO: [ app_init ] --END-- [ RunTime:0.001827s ]
INFO: [ app_begin ] --START--
INFO: Run Behavior\ReadHtmlCacheBehavior [ RunTime:0.000880s ]
INFO: [ app_begin ] --END-- [ RunTime:0.001958s ]
SQL: SHOW COLUMNS FROM `artical` [ RunTime:0.000807s ]
SQL: SELECT * FROM `artical` WHERE ( id = 5 ) LIMIT 1   [ RunTime:0.000341s ]
INFO: [ view_parse ] --START--
INFO: [ template_filter ] --START--
INFO: Run Behavior\ContentReplaceBehavior [ RunTime:0.000581s ]
INFO: [ template_filter ] --END-- [ RunTime:0.001510s ]
NOTIC: [8] Undefined variable: title /var/www/homeword/Runtime/Cache/Home/89290d6756ffebd46799bb3c6ad8be5e.php 第 124 行.
NOTIC: [8] Undefined variable: auther /var/www/homeword/Runtime/Cache/Home/89290d6756ffebd46799bb3c6ad8be5e.php 第 129 行.
INFO: Run Behavior\ParseTemplateBehavior [ RunTime:0.033049s ]
INFO: [ view_parse ] --END-- [ RunTime:0.034018s ]
INFO: [ view_filter ] --START--
INFO: Run Behavior\WriteHtmlCacheBehavior [ RunTime:0.000483s ]
INFO: [ view_filter ] --END-- [ RunTime:0.001348s ]
INFO: [ app_end ] --START--
INFO: Run Behavior\ShowPageTraceBehavior [ RunTime:0.000733s ]
INFO: [ app_end ] --END-- [ RunTime:0.001565s ]

[ 2014-05-18T10:15:05+08:00 ] ::1 /index.php/Home/article/index/id/5
INFO: [ app_init ] --START--
INFO: Run Behavior\BuildLiteBehavior [ RunTime:0.000302s ]
INFO: [ app_init ] --END-- [ RunTime:0.002388s ]
INFO: [ app_begin ] --START--
INFO: Run Behavior\ReadHtmlCacheBehavior [ RunTime:0.001105s ]
INFO: [ app_begin ] --END-- [ RunTime:0.002555s ]
SQL: SHOW COLUMNS FROM `artical` [ RunTime:0.001030s ]
SQL: SELECT * FROM `artical` WHERE ( id=5 ) LIMIT 1   [ RunTime:0.000544s ]
INFO: [ view_parse ] --START--
INFO: [ template_filter ] --START--
INFO: Run Behavior\ContentReplaceBehavior [ RunTime:0.000644s ]
INFO: [ template_filter ] --END-- [ RunTime:0.001713s ]
NOTIC: [8] Undefined variable: title /var/www/homeword/Runtime/Cache/Home/89290d6756ffebd46799bb3c6ad8be5e.php 第 124 行.
NOTIC: [8] Undefined variable: auther /var/www/homeword/Runtime/Cache/Home/89290d6756ffebd46799bb3c6ad8be5e.php 第 129 行.
INFO: Run Behavior\ParseTemplateBehavior [ RunTime:0.040895s ]
INFO: [ view_parse ] --END-- [ RunTime:0.042300s ]
INFO: [ view_filter ] --START--
INFO: Run Behavior\WriteHtmlCacheBehavior [ RunTime:0.000558s ]
INFO: [ view_filter ] --END-- [ RunTime:0.001535s ]
INFO: [ app_end ] --START--
INFO: Run Behavior\ShowPageTraceBehavior [ RunTime:0.000835s ]
INFO: [ app_end ] --END-- [ RunTime:0.001804s ]

[ 2014-05-18T10:15:15+08:00 ] ::1 /index.php/Home/article/index/id/10
INFO: [ app_init ] --START--
INFO: Run Behavior\BuildLiteBehavior [ RunTime:0.000174s ]
INFO: [ app_init ] --END-- [ RunTime:0.001287s ]
INFO: [ app_begin ] --START--
INFO: Run Behavior\ReadHtmlCacheBehavior [ RunTime:0.000704s ]
INFO: [ app_begin ] --END-- [ RunTime:0.001590s ]
SQL: SHOW COLUMNS FROM `artical` [ RunTime:0.000649s ]
SQL: SELECT * FROM `artical` WHERE ( id=5 ) LIMIT 1   [ RunTime:0.000277s ]
INFO: [ view_parse ] --START--
INFO: [ template_filter ] --START--
INFO: Run Behavior\ContentReplaceBehavior [ RunTime:0.000688s ]
INFO: [ template_filter ] --END-- [ RunTime:0.001605s ]
NOTIC: [8] Undefined variable: title /var/www/homeword/Runtime/Cache/Home/89290d6756ffebd46799bb3c6ad8be5e.php 第 124 行.
NOTIC: [8] Undefined variable: auther /var/www/homeword/Runtime/Cache/Home/89290d6756ffebd46799bb3c6ad8be5e.php 第 129 行.
INFO: Run Behavior\ParseTemplateBehavior [ RunTime:0.058703s ]
INFO: [ view_parse ] --END-- [ RunTime:0.059539s ]
INFO: [ view_filter ] --START--
INFO: Run Behavior\WriteHtmlCacheBehavior [ RunTime:0.000462s ]
INFO: [ view_filter ] --END-- [ RunTime:0.001292s ]
INFO: [ app_end ] --START--
INFO: Run Behavior\ShowPageTraceBehavior [ RunTime:0.000726s ]
INFO: [ app_end ] --END-- [ RunTime:0.001592s ]

[ 2014-05-18T10:15:17+08:00 ] ::1 /index.php/Home/article/index/id/10
INFO: [ app_init ] --START--
INFO: Run Behavior\BuildLiteBehavior [ RunTime:0.000294s ]
INFO: [ app_init ] --END-- [ RunTime:0.002142s ]
INFO: [ app_begin ] --START--
INFO: Run Behavior\ReadHtmlCacheBehavior [ RunTime:0.001079s ]
INFO: [ app_begin ] --END-- [ RunTime:0.002432s ]
SQL: SHOW COLUMNS FROM `artical` [ RunTime:0.000909s ]
SQL: SELECT * FROM `artical` WHERE ( id=5 ) LIMIT 1   [ RunTime:0.000457s ]
INFO: [ view_parse ] --START--
INFO: [ template_filter ] --START--
INFO: Run Behavior\ContentReplaceBehavior [ RunTime:0.000670s ]
INFO: [ template_filter ] --END-- [ RunTime:0.001759s ]
NOTIC: [8] Undefined variable: title /var/www/homeword/Runtime/Cache/Home/89290d6756ffebd46799bb3c6ad8be5e.php 第 124 行.
NOTIC: [8] Undefined variable: auther /var/www/homeword/Runtime/Cache/Home/89290d6756ffebd46799bb3c6ad8be5e.php 第 129 行.
INFO: Run Behavior\ParseTemplateBehavior [ RunTime:0.039220s ]
INFO: [ view_parse ] --END-- [ RunTime:0.040316s ]
INFO: [ view_filter ] --START--
INFO: Run Behavior\WriteHtmlCacheBehavior [ RunTime:0.000553s ]
INFO: [ view_filter ] --END-- [ RunTime:0.001527s ]
INFO: [ app_end ] --START--
INFO: Run Behavior\ShowPageTraceBehavior [ RunTime:0.000843s ]
INFO: [ app_end ] --END-- [ RunTime:0.001804s ]

[ 2014-05-18T10:15:34+08:00 ] ::1 /index.php/Home/article/index/id/8
INFO: [ app_init ] --START--
INFO: Run Behavior\BuildLiteBehavior [ RunTime:0.000180s ]
INFO: [ app_init ] --END-- [ RunTime:0.001336s ]
INFO: [ app_begin ] --START--
INFO: Run Behavior\ReadHtmlCacheBehavior [ RunTime:0.000737s ]
INFO: [ app_begin ] --END-- [ RunTime:0.001588s ]
SQL: SHOW COLUMNS FROM `artical` [ RunTime:0.000661s ]
SQL: SELECT * FROM `artical` WHERE ( id=5 ) LIMIT 1   [ RunTime:0.000285s ]
INFO: [ view_parse ] --START--
INFO: [ template_filter ] --START--
INFO: Run Behavior\ContentReplaceBehavior [ RunTime:0.000582s ]
INFO: [ template_filter ] --END-- [ RunTime:0.001459s ]
NOTIC: [8] Undefined variable: title /var/www/homeword/Runtime/Cache/Home/89290d6756ffebd46799bb3c6ad8be5e.php 第 124 行.
NOTIC: [8] Undefined variable: auther /var/www/homeword/Runtime/Cache/Home/89290d6756ffebd46799bb3c6ad8be5e.php 第 129 行.
INFO: Run Behavior\ParseTemplateBehavior [ RunTime:0.028119s ]
INFO: [ view_parse ] --END-- [ RunTime:0.028886s ]
INFO: [ view_filter ] --START--
INFO: Run Behavior\WriteHtmlCacheBehavior [ RunTime:0.000535s ]
INFO: [ view_filter ] --END-- [ RunTime:0.001343s ]
INFO: [ app_end ] --START--
INFO: Run Behavior\ShowPageTraceBehavior [ RunTime:0.000752s ]
INFO: [ app_end ] --END-- [ RunTime:0.001554s ]

[ 2014-05-18T10:15:41+08:00 ] ::1 /index.php/Home/article/index/id/8
INFO: [ app_init ] --START--
INFO: Run Behavior\BuildLiteBehavior [ RunTime:0.000302s ]
INFO: [ app_init ] --END-- [ RunTime:0.002097s ]
INFO: [ app_begin ] --START--
INFO: Run Behavior\ReadHtmlCacheBehavior [ RunTime:0.000970s ]
INFO: [ app_begin ] --END-- [ RunTime:0.002185s ]
SQL: SHOW COLUMNS FROM `artical` [ RunTime:0.000962s ]
SQL: SELECT * FROM `artical` WHERE ( id=8 ) LIMIT 1   [ RunTime:0.000700s ]
NOTIC: [8] Undefined index: author /var/www/homeword/Home/Controller/ArticleController.class.php 第 21 行.
NOTIC: [8] Undefined index: date /var/www/homeword/Home/Controller/ArticleController.class.php 第 22 行.
NOTIC: [8] Undefined index: content   /var/www/homeword/Home/Controller/ArticleController.class.php 第 23 行.
INFO: [ view_parse ] --START--
INFO: [ template_filter ] --START--
INFO: Run Behavior\ContentReplaceBehavior [ RunTime:0.000646s ]
INFO: [ template_filter ] --END-- [ RunTime:0.001782s ]
NOTIC: [8] Undefined variable: title /var/www/homeword/Runtime/Cache/Home/89290d6756ffebd46799bb3c6ad8be5e.php 第 124 行.
NOTIC: [8] Undefined variable: auther /var/www/homeword/Runtime/Cache/Home/89290d6756ffebd46799bb3c6ad8be5e.php 第 129 行.
INFO: Run Behavior\ParseTemplateBehavior [ RunTime:0.042844s ]
INFO: [ view_parse ] --END-- [ RunTime:0.044048s ]
INFO: [ view_filter ] --START--
INFO: Run Behavior\WriteHtmlCacheBehavior [ RunTime:0.000571s ]
INFO: [ view_filter ] --END-- [ RunTime:0.001617s ]
INFO: [ app_end ] --START--
INFO: Run Behavior\ShowPageTraceBehavior [ RunTime:0.000876s ]
INFO: [ app_end ] --END-- [ RunTime:0.001908s ]

[ 2014-05-18T10:16:14+08:00 ] ::1 /index.php/Home/article/index/id/8
INFO: [ app_init ] --START--
INFO: Run Behavior\BuildLiteBehavior [ RunTime:0.000227s ]
INFO: [ app_init ] --END-- [ RunTime:0.001681s ]
INFO: [ app_begin ] --START--
INFO: Run Behavior\ReadHtmlCacheBehavior [ RunTime:0.000953s ]
INFO: [ app_begin ] --END-- [ RunTime:0.002027s ]
SQL: SHOW COLUMNS FROM `artical` [ RunTime:0.000789s ]
SQL: SELECT * FROM `artical` WHERE ( `id` = 8 )  [ RunTime:0.000478s ]
NOTIC: [8] Undefined index: author /var/www/homeword/Home/Controller/ArticleController.class.php 第 19 行.
NOTIC: [8] Undefined index: date /var/www/homeword/Home/Controller/ArticleController.class.php 第 20 行.
NOTIC: [8] Undefined index: content   /var/www/homeword/Home/Controller/ArticleController.class.php 第 21 行.
INFO: [ view_parse ] --START--
INFO: [ template_filter ] --START--
INFO: Run Behavior\ContentReplaceBehavior [ RunTime:0.000545s ]
INFO: [ template_filter ] --END-- [ RunTime:0.001475s ]
NOTIC: [8] Undefined variable: title /var/www/homeword/Runtime/Cache/Home/89290d6756ffebd46799bb3c6ad8be5e.php 第 124 行.
NOTIC: [8] Undefined variable: auther /var/www/homeword/Runtime/Cache/Home/89290d6756ffebd46799bb3c6ad8be5e.php 第 129 行.
INFO: Run Behavior\ParseTemplateBehavior [ RunTime:0.032117s ]
INFO: [ view_parse ] --END-- [ RunTime:0.033013s ]
INFO: [ view_filter ] --START--
INFO: Run Behavior\WriteHtmlCacheBehavior [ RunTime:0.000464s ]
INFO: [ view_filter ] --END-- [ RunTime:0.001283s ]
INFO: [ app_end ] --START--
INFO: Run Behavior\ShowPageTraceBehavior [ RunTime:0.000739s ]
INFO: [ app_end ] --END-- [ RunTime:0.001641s ]

[ 2014-05-18T10:16:16+08:00 ] ::1 /index.php/Home/article/index/id/8
INFO: [ app_init ] --START--
INFO: Run Behavior\BuildLiteBehavior [ RunTime:0.000258s ]
INFO: [ app_init ] --END-- [ RunTime:0.002253s ]
INFO: [ app_begin ] --START--
INFO: Run Behavior\ReadHtmlCacheBehavior [ RunTime:0.000918s ]
INFO: [ app_begin ] --END-- [ RunTime:0.002074s ]
SQL: SHOW COLUMNS FROM `artical` [ RunTime:0.000731s ]
SQL: SELECT * FROM `artical` WHERE ( `id` = 8 )  [ RunTime:0.000355s ]
NOTIC: [8] Undefined index: author /var/www/homeword/Home/Controller/ArticleController.class.php 第 19 行.
NOTIC: [8] Undefined index: date /var/www/homeword/Home/Controller/ArticleController.class.php 第 20 行.
NOTIC: [8] Undefined index: content   /var/www/homeword/Home/Controller/ArticleController.class.php 第 21 行.
INFO: [ view_parse ] --START--
INFO: [ template_filter ] --START--
INFO: Run Behavior\ContentReplaceBehavior [ RunTime:0.000547s ]
INFO: [ template_filter ] --END-- [ RunTime:0.001491s ]
NOTIC: [8] Undefined variable: title /var/www/homeword/Runtime/Cache/Home/89290d6756ffebd46799bb3c6ad8be5e.php 第 124 行.
NOTIC: [8] Undefined variable: auther /var/www/homeword/Runtime/Cache/Home/89290d6756ffebd46799bb3c6ad8be5e.php 第 129 行.
INFO: Run Behavior\ParseTemplateBehavior [ RunTime:0.035242s ]
INFO: [ view_parse ] --END-- [ RunTime:0.036324s ]
INFO: [ view_filter ] --START--
INFO: Run Behavior\WriteHtmlCacheBehavior [ RunTime:0.000550s ]
INFO: [ view_filter ] --END-- [ RunTime:0.001534s ]
INFO: [ app_end ] --START--
INFO: Run Behavior\ShowPageTraceBehavior [ RunTime:0.000880s ]
INFO: [ app_end ] --END-- [ RunTime:0.001917s ]

[ 2014-05-18T10:16:20+08:00 ] ::1 /index.php/Home/article/index/id/10
INFO: [ app_init ] --START--
INFO: Run Behavior\BuildLiteBehavior [ RunTime:0.000229s ]
INFO: [ app_init ] --END-- [ RunTime:0.001554s ]
INFO: [ app_begin ] --START--
INFO: Run Behavior\ReadHtmlCacheBehavior [ RunTime:0.000744s ]
INFO: [ app_begin ] --END-- [ RunTime:0.001630s ]
SQL: SHOW COLUMNS FROM `artical` [ RunTime:0.000774s ]
SQL: SELECT * FROM `artical` WHERE ( `id` = 10 )  [ RunTime:0.000476s ]
NOTIC: [8] Undefined index: author /var/www/homeword/Home/Controller/ArticleController.class.php 第 19 行.
NOTIC: [8] Undefined index: date /var/www/homeword/Home/Controller/ArticleController.class.php 第 20 行.
NOTIC: [8] Undefined index: content   /var/www/homeword/Home/Controller/ArticleController.class.php 第 21 行.
INFO: [ view_parse ] --START--
INFO: [ template_filter ] --START--
INFO: Run Behavior\ContentReplaceBehavior [ RunTime:0.000499s ]
INFO: [ template_filter ] --END-- [ RunTime:0.001318s ]
NOTIC: [8] Undefined variable: title /var/www/homeword/Runtime/Cache/Home/89290d6756ffebd46799bb3c6ad8be5e.php 第 124 行.
NOTIC: [8] Undefined variable: auther /var/www/homeword/Runtime/Cache/Home/89290d6756ffebd46799bb3c6ad8be5e.php 第 129 行.
INFO: Run Behavior\ParseTemplateBehavior [ RunTime:0.029606s ]
INFO: [ view_parse ] --END-- [ RunTime:0.030486s ]
INFO: [ view_filter ] --START--
INFO: Run Behavior\WriteHtmlCacheBehavior [ RunTime:0.000444s ]
INFO: [ view_filter ] --END-- [ RunTime:0.001188s ]
INFO: [ app_end ] --START--
INFO: Run Behavior\ShowPageTraceBehavior [ RunTime:0.000755s ]
INFO: [ app_end ] --END-- [ RunTime:0.001716s ]

[ 2014-05-18T10:16:48+08:00 ] ::1 /index.php/Home/article/index/id/10
INFO: [ app_init ] --START--
INFO: Run Behavior\BuildLiteBehavior [ RunTime:0.000263s ]
INFO: [ app_init ] --END-- [ RunTime:0.001897s ]
INFO: [ app_begin ] --START--
INFO: Run Behavior\ReadHtmlCacheBehavior [ RunTime:0.000921s ]
INFO: [ app_begin ] --END-- [ RunTime:0.002055s ]
SQL: SHOW COLUMNS FROM `artical` [ RunTime:0.000797s ]
SQL: SELECT * FROM `artical` WHERE ( `id` = 10 )  [ RunTime:0.000365s ]
NOTIC: [8] Undefined index: author /var/www/homeword/Home/Controller/ArticleController.class.php 第 18 行.
NOTIC: [8] Undefined index: author /var/www/homeword/Home/Controller/ArticleController.class.php 第 19 行.
NOTIC: [8] Undefined index: date /var/www/homeword/Home/Controller/ArticleController.class.php 第 20 行.
NOTIC: [8] Undefined index: content   /var/www/homeword/Home/Controller/ArticleController.class.php 第 21 行.
INFO: [ view_parse ] --START--
INFO: [ template_filter ] --START--
INFO: Run Behavior\ContentReplaceBehavior [ RunTime:0.000663s ]
INFO: [ template_filter ] --END-- [ RunTime:0.001621s ]
NOTIC: [8] Undefined variable: title /var/www/homeword/Runtime/Cache/Home/89290d6756ffebd46799bb3c6ad8be5e.php 第 124 行.
NOTIC: [8] Undefined variable: auther /var/www/homeword/Runtime/Cache/Home/89290d6756ffebd46799bb3c6ad8be5e.php 第 129 行.
INFO: Run Behavior\ParseTemplateBehavior [ RunTime:0.034738s ]
INFO: [ view_parse ] --END-- [ RunTime:0.035721s ]
INFO: [ view_filter ] --START--
INFO: Run Behavior\WriteHtmlCacheBehavior [ RunTime:0.000495s ]
INFO: [ view_filter ] --END-- [ RunTime:0.001407s ]
INFO: [ app_end ] --START--
INFO: Run Behavior\ShowPageTraceBehavior [ RunTime:0.000929s ]
INFO: [ app_end ] --END-- [ RunTime:0.001812s ]

[ 2014-05-18T10:17:06+08:00 ] ::1 /index.php/Home/article/index/id/10
INFO: [ app_init ] --START--
INFO: Run Behavior\BuildLiteBehavior [ RunTime:0.000265s ]
INFO: [ app_init ] --END-- [ RunTime:0.001929s ]
INFO: [ app_begin ] --START--
INFO: Run Behavior\ReadHtmlCacheBehavior [ RunTime:0.000994s ]
INFO: [ app_begin ] --END-- [ RunTime:0.002203s ]
SQL: SHOW COLUMNS FROM `artical` [ RunTime:0.000926s ]
SQL: SELECT * FROM `artical` WHERE ( `id` = 10 )  [ RunTime:0.000398s ]
NOTIC: [8] Undefined index: author /var/www/homeword/Home/Controller/ArticleController.class.php 第 19 行.
NOTIC: [8] Undefined index: date /var/www/homeword/Home/Controller/ArticleController.class.php 第 20 行.
NOTIC: [8] Undefined index: content   /var/www/homeword/Home/Controller/ArticleController.class.php 第 21 行.
INFO: [ view_parse ] --START--
INFO: [ template_filter ] --START--
INFO: Run Behavior\ContentReplaceBehavior [ RunTime:0.000623s ]
INFO: [ template_filter ] --END-- [ RunTime:0.001681s ]
NOTIC: [8] Undefined variable: title /var/www/homeword/Runtime/Cache/Home/89290d6756ffebd46799bb3c6ad8be5e.php 第 124 行.
NOTIC: [8] Undefined variable: auther /var/www/homeword/Runtime/Cache/Home/89290d6756ffebd46799bb3c6ad8be5e.php 第 129 行.
INFO: Run Behavior\ParseTemplateBehavior [ RunTime:0.038478s ]
INFO: [ view_parse ] --END-- [ RunTime:0.039796s ]
INFO: [ view_filter ] --START--
INFO: Run Behavior\WriteHtmlCacheBehavior [ RunTime:0.000527s ]
INFO: [ view_filter ] --END-- [ RunTime:0.001456s ]
INFO: [ app_end ] --START--
INFO: Run Behavior\ShowPageTraceBehavior [ RunTime:0.000816s ]
INFO: [ app_end ] --END-- [ RunTime:0.001759s ]

[ 2014-05-18T10:17:29+08:00 ] ::1 /index.php/Home/article/index/id/10
INFO: [ app_init ] --START--
INFO: Run Behavior\BuildLiteBehavior [ RunTime:0.000192s ]
INFO: [ app_init ] --END-- [ RunTime:0.001433s ]
INFO: [ app_begin ] --START--
INFO: Run Behavior\ReadHtmlCacheBehavior [ RunTime:0.000770s ]
INFO: [ app_begin ] --END-- [ RunTime:0.001717s ]
SQL: SHOW COLUMNS FROM `artical` [ RunTime:0.000670s ]
SQL: SELECT * FROM `artical` WHERE ( `id` = 10 ) LIMIT 1   [ RunTime:0.000514s ]
NOTIC: [8] Undefined index: content   /var/www/homeword/Home/Controller/ArticleController.class.php 第 21 行.
INFO: [ view_parse ] --START--
INFO: [ template_filter ] --START--
INFO: Run Behavior\ContentReplaceBehavior [ RunTime:0.000563s ]
INFO: [ template_filter ] --END-- [ RunTime:0.001420s ]
NOTIC: [8] Undefined variable: title /var/www/homeword/Runtime/Cache/Home/89290d6756ffebd46799bb3c6ad8be5e.php 第 124 行.
NOTIC: [8] Undefined variable: auther /var/www/homeword/Runtime/Cache/Home/89290d6756ffebd46799bb3c6ad8be5e.php 第 129 行.
INFO: Run Behavior\ParseTemplateBehavior [ RunTime:0.030468s ]
INFO: [ view_parse ] --END-- [ RunTime:0.031348s ]
INFO: [ view_filter ] --START--
INFO: Run Behavior\WriteHtmlCacheBehavior [ RunTime:0.000494s ]
INFO: [ view_filter ] --END-- [ RunTime:0.001636s ]
INFO: [ app_end ] --START--
INFO: Run Behavior\ShowPageTraceBehavior [ RunTime:0.001055s ]
INFO: [ app_end ] --END-- [ RunTime:0.002151s ]

[ 2014-05-18T10:18:00+08:00 ] ::1 /index.php/Home/article/index/id/10
INFO: [ app_init ] --START--
INFO: Run Behavior\BuildLiteBehavior [ RunTime:0.000209s ]
INFO: [ app_init ] --END-- [ RunTime:0.001857s ]
INFO: [ app_begin ] --START--
INFO: Run Behavior\ReadHtmlCacheBehavior [ RunTime:0.000813s ]
INFO: [ app_begin ] --END-- [ RunTime:0.001901s ]
SQL: SHOW COLUMNS FROM `artical` [ RunTime:0.000861s ]
SQL: SELECT * FROM `artical` WHERE ( `id` = 10 ) LIMIT 1   [ RunTime:0.000376s ]
INFO: [ view_parse ] --START--
INFO: [ template_filter ] --START--
INFO: Run Behavior\ContentReplaceBehavior [ RunTime:0.000493s ]
INFO: [ template_filter ] --END-- [ RunTime:0.001369s ]
NOTIC: [8] Undefined variable: title /var/www/homeword/Runtime/Cache/Home/89290d6756ffebd46799bb3c6ad8be5e.php 第 124 行.
NOTIC: [8] Undefined variable: auther /var/www/homeword/Runtime/Cache/Home/89290d6756ffebd46799bb3c6ad8be5e.php 第 129 行.
INFO: Run Behavior\ParseTemplateBehavior [ RunTime:0.031632s ]
INFO: [ view_parse ] --END-- [ RunTime:0.032511s ]
INFO: [ view_filter ] --START--
INFO: Run Behavior\WriteHtmlCacheBehavior [ RunTime:0.000491s ]
INFO: [ view_filter ] --END-- [ RunTime:0.001405s ]
INFO: [ app_end ] --START--
INFO: Run Behavior\ShowPageTraceBehavior [ RunTime:0.000705s ]
INFO: [ app_end ] --END-- [ RunTime:0.001524s ]

[ 2014-05-18T10:19:08+08:00 ] ::1 /index.php/Home/article/index/id/10
INFO: [ app_init ] --START--
INFO: Run Behavior\BuildLiteBehavior [ RunTime:0.000264s ]
INFO: [ app_init ] --END-- [ RunTime:0.002001s ]
INFO: [ app_begin ] --START--
INFO: Run Behavior\ReadHtmlCacheBehavior [ RunTime:0.000880s ]
INFO: [ app_begin ] --END-- [ RunTime:0.002039s ]
SQL: SHOW COLUMNS FROM `artical` [ RunTime:0.000805s ]
SQL: SELECT * FROM `artical` WHERE ( `id` = 10 ) LIMIT 1   [ RunTime:0.000358s ]
INFO: [ view_parse ] --START--
INFO: [ template_filter ] --START--
INFO: Run Behavior\ContentReplaceBehavior [ RunTime:0.000546s ]
INFO: [ template_filter ] --END-- [ RunTime:0.001459s ]
NOTIC: [8] Undefined variable: title /var/www/homeword/Runtime/Cache/Home/89290d6756ffebd46799bb3c6ad8be5e.php 第 124 行.
INFO: Run Behavior\ParseTemplateBehavior [ RunTime:0.032690s ]
INFO: [ view_parse ] --END-- [ RunTime:0.033620s ]
INFO: [ view_filter ] --START--
INFO: Run Behavior\WriteHtmlCacheBehavior [ RunTime:0.000490s ]
INFO: [ view_filter ] --END-- [ RunTime:0.001352s ]
INFO: [ app_end ] --START--
INFO: Run Behavior\ShowPageTraceBehavior [ RunTime:0.000766s ]
INFO: [ app_end ] --END-- [ RunTime:0.001645s ]

[ 2014-05-18T10:20:05+08:00 ] ::1 /index.php/Home/article/index/id/10
INFO: [ app_init ] --START--
INFO: Run Behavior\BuildLiteBehavior [ RunTime:0.000256s ]
INFO: [ app_init ] --END-- [ RunTime:0.001995s ]
INFO: [ app_begin ] --START--
INFO: Run Behavior\ReadHtmlCacheBehavior [ RunTime:0.000878s ]
INFO: [ app_begin ] --END-- [ RunTime:0.002029s ]
SQL: SHOW COLUMNS FROM `artical` [ RunTime:0.000710s ]
SQL: SELECT * FROM `artical` WHERE ( `id` = 10 ) LIMIT 1   [ RunTime:0.000320s ]
INFO: [ view_parse ] --START--
INFO: [ template_filter ] --START--
INFO: Run Behavior\ContentReplaceBehavior [ RunTime:0.000618s ]
INFO: [ template_filter ] --END-- [ RunTime:0.001474s ]
INFO: Run Behavior\ParseTemplateBehavior [ RunTime:0.030229s ]
INFO: [ view_parse ] --END-- [ RunTime:0.031086s ]
INFO: [ view_filter ] --START--
INFO: Run Behavior\WriteHtmlCacheBehavior [ RunTime:0.000454s ]
INFO: [ view_filter ] --END-- [ RunTime:0.001257s ]
INFO: [ app_end ] --START--
INFO: Run Behavior\ShowPageTraceBehavior [ RunTime:0.000720s ]
INFO: [ app_end ] --END-- [ RunTime:0.001582s ]

