[ 2014-05-11T15:50:24+08:00 ]  
INFO: [ app_init ] --START--
INFO: Run Behavior\BuildLiteBehavior [ RunTime:0.000477s ]
INFO: [ app_init ] --END-- [ RunTime:0.002971s ]
NOTIC: [8] Undefined index: REQUEST_METHOD /var/www/ThinkPHP/Library/Think/App.class.php 第 28 行.
NOTIC: [8] Undefined index: REQUEST_URI /var/www/ThinkPHP/Library/Think/Dispatcher.class.php 第 135 行.
NOTIC: [8] Use of undefined constant _PHP_FILE_ - assumed '_PHP_FILE_' /var/www/ThinkPHP/Library/Think/Dispatcher.class.php 第 184 行.
INFO: [ app_begin ] --START--
INFO: Run Behavior\ReadHtmlCacheBehavior [ RunTime:0.001225s ]
INFO: [ app_begin ] --END-- [ RunTime:0.003526s ]
INFO: [ view_parse ] --START--
INFO: [ template_filter ] --START--
NOTIC: [8] Use of undefined constant __ROOT__ - assumed '__ROOT__' /var/www/ThinkPHP/Library/Behavior/ContentReplaceBehavior.class.php 第 31 行.
NOTIC: [8] Use of undefined constant __ROOT__ - assumed '__ROOT__' /var/www/ThinkPHP/Library/Behavior/ContentReplaceBehavior.class.php 第 38 行.
INFO: Run Behavior\ContentReplaceBehavior [ RunTime:0.002416s ]
INFO: [ template_filter ] --END-- [ RunTime:0.004433s ]
INFO: Run Behavior\ParseTemplateBehavior [ RunTime:0.041299s ]
INFO: [ view_parse ] --END-- [ RunTime:0.043410s ]
INFO: [ view_filter ] --START--
INFO: Run Behavior\WriteHtmlCacheBehavior [ RunTime:0.000938s ]
INFO: [ view_filter ] --END-- [ RunTime:0.002787s ]
INFO: [ app_end ] --START--
INFO: Run Behavior\ShowPageTraceBehavior [ RunTime:0.001024s ]
INFO: [ app_end ] --END-- [ RunTime:0.002858s ]

