[ 2014-05-19T17:45:43+08:00 ] ::1 /
INFO: [ app_init ] --START--
INFO: Run Behavior\BuildLiteBehavior [ RunTime:0.000525s ]
INFO: [ app_init ] --END-- [ RunTime:0.003962s ]
INFO: [ app_begin ] --START--
INFO: Run Behavior\ReadHtmlCacheBehavior [ RunTime:0.002134s ]
INFO: [ app_begin ] --END-- [ RunTime:0.004388s ]
SQL: SHOW COLUMNS FROM `artical` [ RunTime:0.001079s ]
SQL: SELECT * FROM `artical` LIMIT 8   [ RunTime:0.000641s ]
INFO: [ view_parse ] --START--
INFO: [ template_filter ] --START--
INFO: Run Behavior\ContentReplaceBehavior [ RunTime:0.000795s ]
INFO: [ template_filter ] --END-- [ RunTime:0.001924s ]
NOTIC: [8] Undefined variable: title /var/www/homeword/Runtime/Cache/Home/adc47ea13c4bfb53206dba55a875c3f0.php 第 208 行.
NOTIC: [8] Array to string conversion /var/www/homeword/Runtime/Cache/Home/adc47ea13c4bfb53206dba55a875c3f0.php 第 212 行.
NOTIC: [8] Undefined variable: date /var/www/homeword/Runtime/Cache/Home/adc47ea13c4bfb53206dba55a875c3f0.php 第 213 行.
NOTIC: [8] Undefined variable: content /var/www/homeword/Runtime/Cache/Home/adc47ea13c4bfb53206dba55a875c3f0.php 第 216 行.
INFO: Run Behavior\ParseTemplateBehavior [ RunTime:0.161974s ]
INFO: [ view_parse ] --END-- [ RunTime:0.163146s ]
INFO: [ view_filter ] --START--
INFO: Run Behavior\WriteHtmlCacheBehavior [ RunTime:0.023972s ]
INFO: [ view_filter ] --END-- [ RunTime:0.024984s ]
NOTIC: [2] Cannot modify header information - headers already sent by (output started at /var/www/ThinkPHP/Common/functions.php:758) /var/www/ThinkPHP/Library/Think/View.class.php 第 91 行.
NOTIC: [2] Cannot modify header information - headers already sent by (output started at /var/www/ThinkPHP/Common/functions.php:758) /var/www/ThinkPHP/Library/Think/View.class.php 第 92 行.
NOTIC: [2] Cannot modify header information - headers already sent by (output started at /var/www/ThinkPHP/Common/functions.php:758) /var/www/ThinkPHP/Library/Think/View.class.php 第 93 行.
INFO: [ app_end ] --START--
INFO: Run Behavior\ShowPageTraceBehavior [ RunTime:0.001320s ]
INFO: [ app_end ] --END-- [ RunTime:0.002328s ]

[ 2014-05-19T17:47:01+08:00 ] ::1 /
INFO: [ app_init ] --START--
INFO: Run Behavior\BuildLiteBehavior [ RunTime:0.000343s ]
INFO: [ app_init ] --END-- [ RunTime:0.002215s ]
INFO: [ app_begin ] --START--
INFO: Run Behavior\ReadHtmlCacheBehavior [ RunTime:0.001051s ]
INFO: [ app_begin ] --END-- [ RunTime:0.002133s ]
SQL: SHOW COLUMNS FROM `artical` [ RunTime:0.000694s ]
SQL: SELECT * FROM `artical` LIMIT 8   [ RunTime:0.000414s ]
INFO: [ view_parse ] --START--
INFO: [ template_filter ] --START--
INFO: Run Behavior\ContentReplaceBehavior [ RunTime:0.000593s ]
INFO: [ template_filter ] --END-- [ RunTime:0.001468s ]
INFO: Run Behavior\ParseTemplateBehavior [ RunTime:0.052017s ]
INFO: [ view_parse ] --END-- [ RunTime:0.052895s ]
INFO: [ view_filter ] --START--
INFO: Run Behavior\WriteHtmlCacheBehavior [ RunTime:0.000600s ]
INFO: [ view_filter ] --END-- [ RunTime:0.001406s ]
INFO: [ app_end ] --START--
INFO: Run Behavior\ShowPageTraceBehavior [ RunTime:0.000719s ]
INFO: [ app_end ] --END-- [ RunTime:0.001505s ]

